<?xml version="1.0" encoding="UTF-8"?>
<!-- Generated by org.testng.reporters.JUnitReportReporter -->
<testsuite hostname="DIPAYAN" failures="0" tests="1" name="runner.RedBusTests" time="73.044" errors="0" timestamp="2023-12-11T23:05:40 IST" skipped="0">
  <testcase classname="runner.RedBusTests" name="runScenario" time="73.044"/>
  <system-out/>
</testsuite> <!-- runner.RedBusTests -->
