<?xml version="1.0" encoding="UTF-8"?>
<!-- Generated by org.testng.reporters.JUnitReportReporter -->
<testsuite hostname="DIPAYAN" failures="0" tests="1" name="runner.TestRun" time="0.148" errors="0" timestamp="2023-11-26T21:47:57 IST" skipped="0">
  <testcase classname="runner.TestRun" name="runScenario" time="0.148"/>
</testsuite> <!-- runner.TestRun -->
